<?xml version="1.0" encoding="UTF-8"?>
<!-- Generated by org.testng.reporters.JUnitXMLReporter -->
<testsuite hostname="Ali" ignored="0" name="Default test" tests="2" failures="0" timestamp="2022-09-23T20:33:11 EDT" time="7.961" errors="0">
  <testcase name="checkResponseBody" time="0.004" classname="com.employeeapi.testcases.TC005_Delete_Employee_Record"/>
  <testcase name="checkStatusCode" time="0.001" classname="com.employeeapi.testcases.TC005_Delete_Employee_Record"/>
</testsuite> <!-- Default test -->
